<?xml version="1.0" encoding="UTF-8"?>
<testsuite xmlns:xsi="http://www.w3.org/2001/XMLSchema-instance" xsi:noNamespaceSchemaLocation="https://maven.apache.org/surefire/maven-surefire-plugin/xsd/surefire-test-report-3.0.xsd" version="3.0" name="com.microservice.Orderservice.OrderServiceApplicationTests" time="9.012" tests="1" errors="0" skipped="0" failures="0">
  <properties>
[...]
</properties>
  <testcase name="contextLoads" classname="com.microservice.Orderservice.OrderServiceApplicationTests" time="0.726">
    <system-out><![CDATA[13:43:44.204 [main] INFO org.springframework.test.context.support.AnnotationConfigContextLoaderUtils -- Could not detect default configuration classes for test class [com.microservice.Orderservice.OrderServiceApplicationTests]: OrderServiceApplicationTests does not declare any static, non-private, non-final, nested classes annotated with @Configuration.
13:43:44.335 [main] INFO org.springframework.boot.test.context.SpringBootTestContextBootstrapper -- Found @SpringBootConfiguration com.microservice.Orderservice.OrderServiceApplication for test class com.microservice.Orderservice.OrderServiceApplicationTests
13:43:44.830 [main] INFO org.springframework.boot.devtools.restart.RestartApplicationListener -- Restart disabled due to context in which it is running

  .   ____          _            __ _ _
 /\\ / ___'_ __ _ _(_)_ __  __ _ \ \ \ \
( ( )\___ | '_ | '_| | '_ \/ _` | \ \ \ \
 \\/  ___)| |_)| | | | | || (_| |  ) ) ) )
  '  |____| .__|_| |_|_| |_\__, | / / / /
 =========|_|==============|___/=/_/_/_/
 :: Spring Boot ::                (v3.2.0)

2023-12-06T13:43:45.705+05:30  INFO 4464 --- [           main] c.m.O.OrderServiceApplicationTests       : Starting OrderServiceApplicationTests using Java 20.0.1 with PID 4464 (started by TapasS in C:\Users\TapasS.INTERRAIT\Documents\Microservice-new\microservice_new\order_module)
2023-12-06T13:43:45.706+05:30  INFO 4464 --- [           main] c.m.O.OrderServiceApplicationTests       : No active profile set, falling back to 1 default profile: "default"
2023-12-06T13:43:47.017+05:30  INFO 4464 --- [           main] .s.d.r.c.RepositoryConfigurationDelegate : Bootstrapping Spring Data JPA repositories in DEFAULT mode.
2023-12-06T13:43:47.218+05:30  INFO 4464 --- [           main] .s.d.r.c.RepositoryConfigurationDelegate : Finished Spring Data repository scanning in 190 ms. Found 1 JPA repository interface.
2023-12-06T13:43:47.912+05:30  INFO 4464 --- [           main] o.hibernate.jpa.internal.util.LogHelper  : HHH000204: Processing PersistenceUnitInfo [name: default]
2023-12-06T13:43:48.055+05:30  INFO 4464 --- [           main] org.hibernate.Version                    : HHH000412: Hibernate ORM core version 6.3.1.Final
2023-12-06T13:43:48.111+05:30  INFO 4464 --- [           main] o.h.c.internal.RegionFactoryInitiator    : HHH000026: Second-level cache disabled
2023-12-06T13:43:48.488+05:30  INFO 4464 --- [           main] o.s.o.j.p.SpringPersistenceUnitInfo      : No LoadTimeWeaver setup: ignoring JPA class transformer
2023-12-06T13:43:48.524+05:30  INFO 4464 --- [           main] com.zaxxer.hikari.HikariDataSource       : HikariPool-1 - Starting...
2023-12-06T13:43:49.115+05:30  INFO 4464 --- [           main] com.zaxxer.hikari.pool.HikariPool        : HikariPool-1 - Added connection com.mysql.cj.jdbc.ConnectionImpl@17136390
2023-12-06T13:43:49.121+05:30  INFO 4464 --- [           main] com.zaxxer.hikari.HikariDataSource       : HikariPool-1 - Start completed.
2023-12-06T13:43:50.729+05:30  INFO 4464 --- [           main] o.h.e.t.j.p.i.JtaPlatformInitiator       : HHH000489: No JTA platform available (set 'hibernate.transaction.jta.platform' to enable JTA platform integration)
2023-12-06T13:43:51.089+05:30  INFO 4464 --- [           main] j.LocalContainerEntityManagerFactoryBean : Initialized JPA EntityManagerFactory for persistence unit 'default'
2023-12-06T13:43:51.909+05:30  WARN 4464 --- [           main] JpaBaseConfiguration$JpaWebConfiguration : spring.jpa.open-in-view is enabled by default. Therefore, database queries may be performed during view rendering. Explicitly configure spring.jpa.open-in-view to disable this warning
2023-12-06T13:43:52.270+05:30  INFO 4464 --- [           main] c.m.O.OrderServiceApplicationTests       : Started OrderServiceApplicationTests in 7.46 seconds (process running for 8.947)
]]></system-out>
  </testcase>
</testsuite>